--------------------------------------------------------------------------------
Release 14.7 Trace  (nt64)
Copyright (c) 1995-2013 Xilinx, Inc.  All rights reserved.

C:\Xilinx\14.7\ISE_DS\ISE\bin\nt64\unwrapped\trce.exe -intstyle ise -v 3 -s 3
-n 3 -fastpaths -xml ALU_CU.twx ALU_CU.ncd -o ALU_CU.twr ALU_CU.pcf

Design file:              ALU_CU.ncd
Physical constraint file: ALU_CU.pcf
Device,package,speed:     xc7a100t,csg324,C,-3 (PRODUCTION 1.10 2013-10-13)
Report level:             verbose report

Environment Variable      Effect 
--------------------      ------ 
NONE                      No environment variables were set
--------------------------------------------------------------------------------

INFO:Timing:2698 - No timing constraints found, doing default enumeration.
INFO:Timing:3412 - To improve timing, see the Timing Closure User Guide (UG612).
INFO:Timing:2752 - To get complete path coverage, use the unconstrained paths 
   option. All paths that are not constrained will be reported in the 
   unconstrained paths section(s) of the report.
INFO:Timing:3339 - The clock-to-out numbers in this timing report are based on 
   a 50 Ohm transmission line loading model.  For the details of this model, 
   and for more information on accounting for different loading conditions, 
   please see the device datasheet.



Data Sheet report:
-----------------
All values displayed in nanoseconds (ns)

Setup/Hold to clock clk
------------+------------+------------+------------+------------+------------------+--------+
            |Max Setup to|  Process   |Max Hold to |  Process   |                  | Clock  |
Source      | clk (edge) |   Corner   | clk (edge) |   Corner   |Internal Clock(s) | Phase  |
------------+------------+------------+------------+------------+------------------+--------+
A<0>        |   12.443(R)|      SLOW  |    1.034(R)|      SLOW  |clk_BUFGP         |   0.000|
A<1>        |   11.756(R)|      SLOW  |    1.295(R)|      SLOW  |clk_BUFGP         |   0.000|
A<2>        |   11.762(R)|      SLOW  |    1.408(R)|      SLOW  |clk_BUFGP         |   0.000|
A<3>        |   10.725(R)|      SLOW  |    1.130(R)|      SLOW  |clk_BUFGP         |   0.000|
A<4>        |   10.866(R)|      SLOW  |    1.209(R)|      SLOW  |clk_BUFGP         |   0.000|
A<5>        |   10.223(R)|      SLOW  |    1.584(R)|      SLOW  |clk_BUFGP         |   0.000|
A<6>        |   10.559(R)|      SLOW  |    1.301(R)|      SLOW  |clk_BUFGP         |   0.000|
A<7>        |    9.643(R)|      SLOW  |    1.039(R)|      SLOW  |clk_BUFGP         |   0.000|
A<8>        |    9.667(R)|      SLOW  |    1.315(R)|      SLOW  |clk_BUFGP         |   0.000|
A<9>        |    9.257(R)|      SLOW  |    1.444(R)|      SLOW  |clk_BUFGP         |   0.000|
A<10>       |    8.390(R)|      SLOW  |    1.780(R)|      SLOW  |clk_BUFGP         |   0.000|
A<11>       |    8.739(R)|      SLOW  |    1.552(R)|      SLOW  |clk_BUFGP         |   0.000|
A<12>       |    8.040(R)|      SLOW  |    1.036(R)|      SLOW  |clk_BUFGP         |   0.000|
A<13>       |    7.961(R)|      SLOW  |    1.368(R)|      SLOW  |clk_BUFGP         |   0.000|
A<14>       |    7.395(R)|      SLOW  |    1.085(R)|      SLOW  |clk_BUFGP         |   0.000|
A<15>       |    7.738(R)|      SLOW  |    0.953(R)|      SLOW  |clk_BUFGP         |   0.000|
A<16>       |    6.978(R)|      SLOW  |    1.419(R)|      SLOW  |clk_BUFGP         |   0.000|
A<17>       |    7.280(R)|      SLOW  |    1.060(R)|      SLOW  |clk_BUFGP         |   0.000|
A<18>       |    5.644(R)|      SLOW  |    1.421(R)|      SLOW  |clk_BUFGP         |   0.000|
A<19>       |    5.951(R)|      SLOW  |    1.601(R)|      SLOW  |clk_BUFGP         |   0.000|
A<20>       |    5.301(R)|      SLOW  |    1.677(R)|      SLOW  |clk_BUFGP         |   0.000|
A<21>       |    5.783(R)|      SLOW  |    1.292(R)|      SLOW  |clk_BUFGP         |   0.000|
A<22>       |    5.161(R)|      SLOW  |    1.192(R)|      SLOW  |clk_BUFGP         |   0.000|
A<23>       |    5.422(R)|      SLOW  |    1.269(R)|      SLOW  |clk_BUFGP         |   0.000|
A<24>       |    4.192(R)|      SLOW  |    1.628(R)|      SLOW  |clk_BUFGP         |   0.000|
A<25>       |    4.358(R)|      SLOW  |    1.792(R)|      SLOW  |clk_BUFGP         |   0.000|
A<26>       |    3.942(R)|      SLOW  |    1.320(R)|      SLOW  |clk_BUFGP         |   0.000|
A<27>       |    3.499(R)|      SLOW  |    1.585(R)|      SLOW  |clk_BUFGP         |   0.000|
A<28>       |    3.288(R)|      SLOW  |    1.679(R)|      SLOW  |clk_BUFGP         |   0.000|
A<29>       |    3.248(R)|      SLOW  |    1.326(R)|      SLOW  |clk_BUFGP         |   0.000|
A<30>       |    2.215(R)|      SLOW  |    1.662(R)|      SLOW  |clk_BUFGP         |   0.000|
A<31>       |    2.362(R)|      SLOW  |    1.244(R)|      SLOW  |clk_BUFGP         |   0.000|
B<0>        |   11.627(R)|      SLOW  |    1.237(R)|      SLOW  |clk_BUFGP         |   0.000|
B<1>        |   11.326(R)|      SLOW  |    1.186(R)|      SLOW  |clk_BUFGP         |   0.000|
B<2>        |   11.863(R)|      SLOW  |    1.118(R)|      SLOW  |clk_BUFGP         |   0.000|
B<3>        |   10.723(R)|      SLOW  |    1.356(R)|      SLOW  |clk_BUFGP         |   0.000|
B<4>        |   10.548(R)|      SLOW  |    1.450(R)|      SLOW  |clk_BUFGP         |   0.000|
B<5>        |   10.255(R)|      SLOW  |    1.246(R)|      SLOW  |clk_BUFGP         |   0.000|
B<6>        |   10.399(R)|      SLOW  |    1.596(R)|      SLOW  |clk_BUFGP         |   0.000|
B<7>        |    9.700(R)|      SLOW  |    1.233(R)|      SLOW  |clk_BUFGP         |   0.000|
B<8>        |   10.049(R)|      SLOW  |    1.086(R)|      SLOW  |clk_BUFGP         |   0.000|
B<9>        |    9.485(R)|      SLOW  |    1.499(R)|      SLOW  |clk_BUFGP         |   0.000|
B<10>       |    9.016(R)|      SLOW  |    1.008(R)|      SLOW  |clk_BUFGP         |   0.000|
B<11>       |    8.483(R)|      SLOW  |    1.102(R)|      SLOW  |clk_BUFGP         |   0.000|
B<12>       |    8.287(R)|      SLOW  |    1.540(R)|      SLOW  |clk_BUFGP         |   0.000|
B<13>       |    8.638(R)|      SLOW  |    1.118(R)|      SLOW  |clk_BUFGP         |   0.000|
B<14>       |    7.706(R)|      SLOW  |    0.962(R)|      SLOW  |clk_BUFGP         |   0.000|
B<15>       |    7.359(R)|      SLOW  |    1.267(R)|      SLOW  |clk_BUFGP         |   0.000|
B<16>       |    7.060(R)|      SLOW  |    1.147(R)|      SLOW  |clk_BUFGP         |   0.000|
B<17>       |    6.269(R)|      SLOW  |    1.822(R)|      SLOW  |clk_BUFGP         |   0.000|
B<18>       |    5.201(R)|      SLOW  |    1.919(R)|      SLOW  |clk_BUFGP         |   0.000|
B<19>       |    5.474(R)|      SLOW  |    1.618(R)|      SLOW  |clk_BUFGP         |   0.000|
B<20>       |    5.066(R)|      SLOW  |    1.364(R)|      SLOW  |clk_BUFGP         |   0.000|
B<21>       |    5.349(R)|      SLOW  |    1.892(R)|      SLOW  |clk_BUFGP         |   0.000|
B<22>       |    4.660(R)|      SLOW  |    1.718(R)|      SLOW  |clk_BUFGP         |   0.000|
B<23>       |    4.965(R)|      SLOW  |    1.010(R)|      SLOW  |clk_BUFGP         |   0.000|
B<24>       |    4.355(R)|      SLOW  |    1.679(R)|      SLOW  |clk_BUFGP         |   0.000|
B<25>       |    4.570(R)|      SLOW  |    1.577(R)|      SLOW  |clk_BUFGP         |   0.000|
B<26>       |    3.557(R)|      SLOW  |    1.574(R)|      SLOW  |clk_BUFGP         |   0.000|
B<27>       |    3.326(R)|      SLOW  |    1.630(R)|      SLOW  |clk_BUFGP         |   0.000|
B<28>       |    3.259(R)|      SLOW  |    1.536(R)|      SLOW  |clk_BUFGP         |   0.000|
B<29>       |    3.416(R)|      SLOW  |    1.658(R)|      SLOW  |clk_BUFGP         |   0.000|
B<30>       |    2.175(R)|      SLOW  |    1.581(R)|      SLOW  |clk_BUFGP         |   0.000|
B<31>       |    1.770(R)|      SLOW  |    1.687(R)|      SLOW  |clk_BUFGP         |   0.000|
OpCode<0>   |    3.348(R)|      SLOW  |    0.875(R)|      SLOW  |clk_BUFGP         |   0.000|
OpCode<1>   |    3.301(R)|      SLOW  |    1.371(R)|      SLOW  |clk_BUFGP         |   0.000|
OpCode<2>   |    4.132(R)|      SLOW  |    1.160(R)|      SLOW  |clk_BUFGP         |   0.000|
------------+------------+------------+------------+------------+------------------+--------+

Clock clk to Pad
------------+-----------------+------------+-----------------+------------+------------------+--------+
            |Max (slowest) clk|  Process   |Min (fastest) clk|  Process   |                  | Clock  |
Destination |  (edge) to PAD  |   Corner   |  (edge) to PAD  |   Corner   |Internal Clock(s) | Phase  |
------------+-----------------+------------+-----------------+------------+------------------+--------+
Output<0>   |         6.381(R)|      SLOW  |         2.800(R)|      FAST  |clk_BUFGP         |   0.000|
Output<1>   |         6.396(R)|      SLOW  |         2.817(R)|      FAST  |clk_BUFGP         |   0.000|
Output<2>   |         6.377(R)|      SLOW  |         2.795(R)|      FAST  |clk_BUFGP         |   0.000|
Output<3>   |         6.359(R)|      SLOW  |         2.783(R)|      FAST  |clk_BUFGP         |   0.000|
Output<4>   |         6.359(R)|      SLOW  |         2.782(R)|      FAST  |clk_BUFGP         |   0.000|
Output<5>   |         6.362(R)|      SLOW  |         2.782(R)|      FAST  |clk_BUFGP         |   0.000|
Output<6>   |         6.361(R)|      SLOW  |         2.781(R)|      FAST  |clk_BUFGP         |   0.000|
Output<7>   |         6.352(R)|      SLOW  |         2.773(R)|      FAST  |clk_BUFGP         |   0.000|
Output<8>   |         6.361(R)|      SLOW  |         2.781(R)|      FAST  |clk_BUFGP         |   0.000|
Output<9>   |         6.370(R)|      SLOW  |         2.789(R)|      FAST  |clk_BUFGP         |   0.000|
Output<10>  |         6.371(R)|      SLOW  |         2.790(R)|      FAST  |clk_BUFGP         |   0.000|
Output<11>  |         6.356(R)|      SLOW  |         2.775(R)|      FAST  |clk_BUFGP         |   0.000|
Output<12>  |         6.352(R)|      SLOW  |         2.770(R)|      FAST  |clk_BUFGP         |   0.000|
Output<13>  |         6.393(R)|      SLOW  |         2.812(R)|      FAST  |clk_BUFGP         |   0.000|
Output<14>  |         6.385(R)|      SLOW  |         2.804(R)|      FAST  |clk_BUFGP         |   0.000|
Output<15>  |         6.364(R)|      SLOW  |         2.781(R)|      FAST  |clk_BUFGP         |   0.000|
Output<16>  |         6.362(R)|      SLOW  |         2.780(R)|      FAST  |clk_BUFGP         |   0.000|
Output<17>  |         6.371(R)|      SLOW  |         2.787(R)|      FAST  |clk_BUFGP         |   0.000|
Output<18>  |         6.350(R)|      SLOW  |         2.770(R)|      FAST  |clk_BUFGP         |   0.000|
Output<19>  |         6.385(R)|      SLOW  |         2.803(R)|      FAST  |clk_BUFGP         |   0.000|
Output<20>  |         6.372(R)|      SLOW  |         2.790(R)|      FAST  |clk_BUFGP         |   0.000|
Output<21>  |         6.401(R)|      SLOW  |         2.818(R)|      FAST  |clk_BUFGP         |   0.000|
Output<22>  |         6.398(R)|      SLOW  |         2.816(R)|      FAST  |clk_BUFGP         |   0.000|
Output<23>  |         6.382(R)|      SLOW  |         2.799(R)|      FAST  |clk_BUFGP         |   0.000|
Output<24>  |         6.390(R)|      SLOW  |         2.806(R)|      FAST  |clk_BUFGP         |   0.000|
Output<25>  |         6.378(R)|      SLOW  |         2.794(R)|      FAST  |clk_BUFGP         |   0.000|
Output<26>  |         6.372(R)|      SLOW  |         2.789(R)|      FAST  |clk_BUFGP         |   0.000|
Output<27>  |         6.371(R)|      SLOW  |         2.787(R)|      FAST  |clk_BUFGP         |   0.000|
Output<28>  |         6.371(R)|      SLOW  |         2.787(R)|      FAST  |clk_BUFGP         |   0.000|
Output<29>  |         6.372(R)|      SLOW  |         2.788(R)|      FAST  |clk_BUFGP         |   0.000|
Output<30>  |         6.369(R)|      SLOW  |         2.785(R)|      FAST  |clk_BUFGP         |   0.000|
Output<31>  |         6.329(R)|      SLOW  |         2.746(R)|      FAST  |clk_BUFGP         |   0.000|
Zflag       |        10.649(R)|      SLOW  |         4.003(R)|      FAST  |clk_BUFGP         |   0.000|
------------+-----------------+------------+-----------------+------------+------------------+--------+


Analysis completed Wed Jan 23 12:26:09 2019 
--------------------------------------------------------------------------------

Trace Settings:
-------------------------
Trace Settings 

Peak Memory Usage: 5004 MB



